# JRE version: OpenJDK Runtime Environment (11.0.8+10) (build 11.0.8+10-b944.6842174)
# Java VM: OpenJDK 64-Bit Server VM (11.0.8+10-b944.6842174, mixed mode, tiered, compressed oops, g1 gc, windows-amd64)
Heap:
 garbage-first heap   total 316416K, used 213262K [0x0000000080000000, 0x0000000100000000)
  region size 1024K, 128 young (131072K), 11 survivors (11264K)
 Metaspace       used 97792K, capacity 100095K, committed 100172K, reserved 1136640K
  class space    used 12326K, capacity 13117K, committed 13184K, reserved 1048576K
GC Heap History (20 events):
Event: 6.013 GC heap before
{Heap before GC invocations=4 (full 0):
 garbage-first heap   total 256000K, used 57712K [0x0000000080000000, 0x0000000100000000)
  region size 1024K, 43 young (44032K), 3 survivors (3072K)
 Metaspace       used 35020K, capacity 35737K, committed 35840K, reserved 1081344K
  class space    used 4559K, capacity 4824K, committed 4864K, reserved 1048576K
}
Event: 6.024 GC heap after
{Heap after GC invocations=5 (full 0):
 garbage-first heap   total 256000K, used 21832K [0x0000000080000000, 0x0000000100000000)
  region size 1024K, 6 young (6144K), 6 survivors (6144K)
 Metaspace       used 35020K, capacity 35737K, committed 35840K, reserved 1081344K
  class space    used 4559K, capacity 4824K, committed 4864K, reserved 1048576K
}
Event: 7.974 GC heap before
{Heap before GC invocations=6 (full 0):
 garbage-first heap   total 256000K, used 130376K [0x0000000080000000, 0x0000000100000000)
  region size 1024K, 109 young (111616K), 6 survivors (6144K)
 Metaspace       used 44081K, capacity 45086K, committed 45312K, reserved 1089536K
  class space    used 5660K, capacity 6040K, committed 6144K, reserved 1048576K
}
Event: 7.986 GC heap after
{Heap after GC invocations=7 (full 0):
 garbage-first heap   total 256000K, used 27416K [0x0000000080000000, 0x0000000100000000)
  region size 1024K, 11 young (11264K), 11 survivors (11264K)
 Metaspace       used 44081K, capacity 45086K, committed 45312K, reserved 1089536K
  class space    used 5660K, capacity 6040K, committed 6144K, reserved 1048576K
}
Event: 10.053 GC heap before
{Heap before GC invocations=7 (full 0):
 garbage-first heap   total 256000K, used 174872K [0x0000000080000000, 0x0000000100000000)
  region size 1024K, 150 young (153600K), 11 survivors (11264K)
 Metaspace       used 56775K, capacity 58079K, committed 58240K, reserved 1099776K
  class space    used 7231K, capacity 7701K, committed 7808K, reserved 1048576K
}
Event: 10.072 GC heap after
{Heap after GC invocations=8 (full 0):
 garbage-first heap   total 256000K, used 46339K [0x0000000080000000, 0x0000000100000000)
  region size 1024K, 19 young (19456K), 19 survivors (19456K)
 Metaspace       used 56775K, capacity 58079K, committed 58240K, reserved 1099776K
  class space    used 7231K, capacity 7701K, committed 7808K, reserved 1048576K
}
Event: 10.408 GC heap before
{Heap before GC invocations=8 (full 0):
 garbage-first heap   total 256000K, used 64771K [0x0000000080000000, 0x0000000100000000)
  region size 1024K, 38 young (38912K), 19 survivors (19456K)
 Metaspace       used 58673K, capacity 60010K, committed 60160K, reserved 1101824K
  class space    used 7427K, capacity 7910K, committed 7936K, reserved 1048576K
}
Event: 10.439 GC heap after
{Heap after GC invocations=9 (full 0):
 garbage-first heap   total 256000K, used 49556K [0x0000000080000000, 0x0000000100000000)
  region size 1024K, 4 young (4096K), 4 survivors (4096K)
 Metaspace       used 58673K, capacity 60010K, committed 60160K, reserved 1101824K
  class space    used 7427K, capacity 7910K, committed 7936K, reserved 1048576K
}
Event: 12.039 GC heap before
{Heap before GC invocations=10 (full 0):
 garbage-first heap   total 256000K, used 138644K [0x0000000080000000, 0x0000000100000000)
  region size 1024K, 91 young (93184K), 4 survivors (4096K)
 Metaspace       used 66415K, capacity 67885K, committed 68044K, reserved 1107968K
  class space    used 8589K, capacity 9121K, committed 9216K, reserved 1048576K
}
Event: 12.083 GC heap after
{Heap after GC invocations=11 (full 0):
 garbage-first heap   total 256000K, used 53469K [0x0000000080000000, 0x0000000100000000)
  region size 1024K, 8 young (8192K), 8 survivors (8192K)
 Metaspace       used 66415K, capacity 67885K, committed 68044K, reserved 1107968K
  class space    used 8589K, capacity 9121K, committed 9216K, reserved 1048576K
}
Event: 14.134 GC heap before
{Heap before GC invocations=11 (full 0):
 garbage-first heap   total 256000K, used 147677K [0x0000000080000000, 0x0000000100000000)
  region size 1024K, 101 young (103424K), 8 survivors (8192K)
 Metaspace       used 76348K, capacity 78025K, committed 78156K, reserved 1116160K
  class space    used 9922K, capacity 10505K, committed 10624K, reserved 1048576K
}
Event: 14.150 GC heap after
{Heap after GC invocations=12 (full 0):
 garbage-first heap   total 256000K, used 59392K [0x0000000080000000, 0x0000000100000000)
  region size 1024K, 12 young (12288K), 12 survivors (12288K)
 Metaspace       used 76348K, capacity 78025K, committed 78156K, reserved 1116160K
  class space    used 9922K, capacity 10505K, committed 10624K, reserved 1048576K
}
Event: 16.821 GC heap before
{Heap before GC invocations=12 (full 0):
 garbage-first heap   total 256000K, used 160768K [0x0000000080000000, 0x0000000100000000)
  region size 1024K, 110 young (112640K), 12 survivors (12288K)
 Metaspace       used 79663K, capacity 81541K, committed 81612K, reserved 1120256K
  class space    used 10329K, capacity 10992K, committed 11008K, reserved 1048576K
}
Event: 16.921 GC heap after
{Heap after GC invocations=13 (full 0):
 garbage-first heap   total 256000K, used 75157K [0x0000000080000000, 0x0000000100000000)
  region size 1024K, 14 young (14336K), 14 survivors (14336K)
 Metaspace       used 79663K, capacity 81541K, committed 81612K, reserved 1120256K
  class space    used 10329K, capacity 10992K, committed 11008K, reserved 1048576K
}
Event: 18.651 GC heap before
{Heap before GC invocations=13 (full 0):
 garbage-first heap   total 256000K, used 183701K [0x0000000080000000, 0x0000000100000000)
  region size 1024K, 106 young (108544K), 14 survivors (14336K)
 Metaspace       used 85118K, capacity 87004K, committed 87116K, reserved 1124352K
  class space    used 10945K, capacity 11624K, committed 11648K, reserved 1048576K
}
Event: 18.693 GC heap after
{Heap after GC invocations=14 (full 0):
 garbage-first heap   total 316416K, used 85251K [0x0000000080000000, 0x0000000100000000)
  region size 1024K, 10 young (10240K), 10 survivors (10240K)
 Metaspace       used 85118K, capacity 87004K, committed 87116K, reserved 1124352K
  class space    used 10945K, capacity 11624K, committed 11648K, reserved 1048576K
}
Event: 21.896 GC heap before
{Heap before GC invocations=14 (full 0):
 garbage-first heap   total 316416K, used 196867K [0x0000000080000000, 0x0000000100000000)
  region size 1024K, 120 young (122880K), 10 survivors (10240K)
 Metaspace       used 87270K, capacity 89305K, committed 89420K, reserved 1126400K
  class space    used 11164K, capacity 11848K, committed 11904K, reserved 1048576K
}
Event: 21.913 GC heap after
{Heap after GC invocations=15 (full 0):
 garbage-first heap   total 316416K, used 91827K [0x0000000080000000, 0x0000000100000000)
  region size 1024K, 7 young (7168K), 7 survivors (7168K)
 Metaspace       used 87270K, capacity 89305K, committed 89420K, reserved 1126400K
  class space    used 11164K, capacity 11848K, committed 11904K, reserved 1048576K
}
Event: 450.812 GC heap before
{Heap before GC invocations=15 (full 0):
 garbage-first heap   total 316416K, used 218803K [0x0000000080000000, 0x0000000100000000)
  region size 1024K, 120 young (122880K), 7 survivors (7168K)
 Metaspace       used 94936K, capacity 97124K, committed 97484K, reserved 1134592K
  class space    used 11936K, capacity 12673K, committed 12800K, reserved 1048576K
}
Event: 450.826 GC heap after
{Heap after GC invocations=16 (full 0):
 garbage-first heap   total 316416K, used 95502K [0x0000000080000000, 0x0000000100000000)
  region size 1024K, 11 young (11264K), 11 survivors (11264K)
 Metaspace       used 94936K, capacity 97124K, committed 97484K, reserved 1134592K
  class space    used 11936K, capacity 12673K, committed 12800K, reserved 1048576K
}

